make all --print-data-base --no-builtin-variables --no-builtin-rules --question
# GNU Make 3.81
# Copyright (C) 2006  Free Software Foundation, Inc.
# This is free software; see the source for copying conditions.
# There is NO warranty; not even for MERCHANTABILITY or FITNESS FOR A
# PARTICULAR PURPOSE.

# This program built for i386-apple-darwin11.3.0

# Make data base, printed on Mon Aug 22 12:27:33 2022

# Variables

# automatic
<D = $(patsubst %/,%,$(dir $<))
# automatic
?F = $(notdir $?)
# environment
LC_CTYPE = 
# environment
NVM_INC = /usr/local/Cellar/nvm/0.39.1_1/libexec/versions/node/v16.14.2/include/node
# automatic
?D = $(patsubst %/,%,$(dir $?))
# automatic
@D = $(patsubst %/,%,$(dir $@))
# automatic
@F = $(notdir $@)
# makefile
CURDIR := /Users/dhildebrand/Personal/Repos/dots
# environment
GDK_SCALE = 2
# makefile
SHELL = /bin/sh
# environment
MANPAGER = less -X
# environment
VSCODE_NLS_CONFIG = {"locale":"en-us","availableLanguages":{},"_languagePackSupport":true}
# environment
_ = /usr/bin/make
# makefile (from `Makefile', line 1)
MAKEFILE_LIST :=  Makefile
# environment
HISTCONTROL = ignoreboth
# environment
PERL_MM_OPT = INSTALL_BASE=/Users/dhildebrand/perl5
# environment
__CFBundleIdentifier = com.microsoft.VSCode
# environment
VSCODE_CWD = /
# environment
PATH = /usr/local/Cellar/nvm/0.39.1_1/libexec/versions/node/v16.14.2/bin:/usr/local/opt/qt/bin:/usr/local/bin:/usr/bin:/bin:/usr/sbin:/sbin:/usr/local/go/bin:/Applications/Little Snitch.app/Contents/Components:/usr/local/share/dotnet:~/.dotnet/tools:/Library/Apple/usr/bin:/Applications/Privileges.app/Contents/Resources:/Library/Frameworks/Mono.framework/Versions/Current/Commands:/Applications/Wireshark.app/Contents/MacOS:/Users/dhildebrand/bin:/Users/dhildebrand/bin:/sbin:/usr/sbin:/opt/local/bin:/opt/local/sbin:/Users/dhildebrand/Library/Python/3.7/bin:/Users/dhildebrand/.cargo/bin:/Users/dhildebrand/dhildebrand/bin:/usr/local/opt/openvpn/sbin/:/Users/dhildebrand/bin/bin:/usr/local/opt/fzf/bin:/usr/local/Cellar/nvm/0.39.1_1/libexec/
# environment
LSCOLORS = Gxfxcxdxbxegedabagacad
# environment
PERLDB_OPTS = LineInfo=perldb.out
# environment
GOPATH = /Users/dhildebrand/bin
# environment
NVM_BIN = /usr/local/Cellar/nvm/0.39.1_1/libexec/versions/node/v16.14.2/bin
# environment
ELECTRON_RUN_AS_NODE = 1
# default
.FEATURES := target-specific order-only second-expansion else-if archives jobserver check-symlink
# environment
NODE_REPL_HISTORY = /Users/dhildebrand/.node_history
# environment
SSH_AUTH_SOCK = /private/tmp/com.apple.launchd.iupqUje3dj/Listeners
# automatic
%F = $(notdir $%)
# environment
NODE_REPL_HISTORY_SIZE = 32768
# environment
HISTFILESIZE = 32768
# environment
PWD = /Users/dhildebrand/Personal/Repos/dots
# environment
ORIGINAL_XDG_CURRENT_DESKTOP = undefined
# environment
VSCODE_AMD_ENTRYPOINT = vs/workbench/api/node/extensionHostProcess
# environment
HOME = /Users/dhildebrand
# environment
PERL_MB_OPT = --install_base /Users/dhildebrand/perl5
# environment
PERL_LOCAL_LIB_ROOT = :/Users/dhildebrand/perl5
# default
MAKEFILEPATH = $(shell /usr/bin/xcode-select -print-path 2>/dev/null || echo /Developer)/Makefiles
# environment
PERL5LIB = :/Users/dhildebrand/perl5/lib/perl5
# environment
VSCODE_CODE_CACHE_PATH = /Users/dhildebrand/Library/Application Support/Code/CachedData/e4503b30fc78200f846c62cf8091b76ff5547662
# environment
LOGNAME = dhildebrand
# environment
APPLICATION_INSIGHTS_NO_DIAGNOSTIC_CHANNEL = 1
# environment
NVM_CD_FLAGS = -q
# automatic
+F = $(notdir $+)
# environment
PYTHONIOENCODING = UTF-8
# environment
ZSH = /Users/dhildebrand/.oh-my-zsh
# environment
VSCODE_HANDLES_UNCAUGHT_ERRORS = true
# automatic
^D = $(patsubst %/,%,$(dir $^))
# environment
LESS_TERMCAP_md = 
# environment
XPC_FLAGS = 0x0
# default
MAKE = $(MAKE_COMMAND)
# default
MAKECMDGOALS := all
# environment
SHLVL = 1
# default
MAKE_VERSION := 3.81
# environment
USER = dhildebrand
# makefile
.DEFAULT_GOAL := 
# environment
LESS = -R
# automatic
%D = $(patsubst %/,%,$(dir $%))
# environment
PERL5BASE = /Users/dhildebrand/perl5
# default
MAKE_COMMAND := /Library/Developer/CommandLineTools/usr/bin/make
# default
.VARIABLES := 
# environment
TMPDIR = /var/folders/hk/vwz0plfx5w36p5z8bmgj0cjm0000gq/T/
# automatic
*F = $(notdir $*)
# environment
VSCODE_IPC_HOOK = /Users/dhildebrand/Library/Application Support/Code/1.70.2-main.sock
# environment
MallocNanoZone = 0
# makefile
MAKEFLAGS = Rrqp
# environment
MFLAGS = -Rrqp
# automatic
*D = $(patsubst %/,%,$(dir $*))
# environment
NVM_DIR = /usr/local/Cellar/nvm/0.39.1_1/libexec
# environment
XPC_SERVICE_NAME = application.com.microsoft.VSCode.71880920.71880926
# automatic
+D = $(patsubst %/,%,$(dir $+))
# environment
BROWSER = /usr/bin/brave
# environment
NODE_REPL_MODE = sloppy
# environment
__CF_USER_TEXT_ENCODING = 0x1F7:0x0:0x0
# environment
COMMAND_MODE = unix2003
# default
MAKEFILES := 
# automatic
<F = $(notdir $<)
# environment
CHEATCOLORS = true
# environment
EDITOR = vim
# environment
PAGER = less
# environment
LC_ALL = C
# automatic
^F = $(notdir $^)
# default
SUFFIXES := 
# environment
HISTSIZE = 32768
# default
.INCLUDE_DIRS = /usr/local/include
# environment
MAKELEVEL := 0
# environment
CLICOLOR = 1
# environment
LANG = C
# environment
VSCODE_PID = 10666
# variable set hash-table stats:
# Load=88/1024=9%, Rehash=0, Collisions=3/111=3%

# Pattern-specific Variable Values

# No pattern-specific variable values.

# Directories

# . (device 16777220, inode 48995661): 13 files, no impossibilities.

# 13 files, no impossibilities in 1 directories.

# Implicit Rules

# No implicit rules.

# Files

# Not a target:
all:
#  Command-line target.
#  Implicit rule search has been done.
#  File does not exist.
#  File has not been updated.
# variable set hash-table stats:
# Load=0/32=0%, Rehash=0, Collisions=0/0=0%

# Not a target:
.SUFFIXES:
#  Implicit rule search has not been done.
#  Modification time never checked.
#  File has not been updated.

# Not a target:
Makefile:
#  Implicit rule search has been done.
#  Last modified 2022-08-22 11:31:12
#  File has been updated.
#  Successfully updated.
# variable set hash-table stats:
# Load=0/32=0%, Rehash=0, Collisions=0/0=0%

# Not a target:
.DEFAULT:
#  Implicit rule search has not been done.
#  Modification time never checked.
#  File has not been updated.

# files hash-table stats:
# Load=4/1024=0%, Rehash=0, Collisions=0/16=0%
# VPATH Search Paths

# No `vpath' search paths.

# No general (`VPATH' variable) search path.

# # of strings in strcache: 1
# # of strcache buffers: 1
# strcache size: total = 4096 / max = 4096 / min = 4096 / avg = 4096
# strcache free: total = 4087 / max = 4087 / min = 4087 / avg = 4087

# Finished Make data base on Mon Aug 22 12:27:33 2022

 
make: *** No rule to make target `all'.  Stop.

